This is pdfTeX, Version 3.141592653-2.6-1.40.24 (TeX Live 2022) (preloaded format=pdflatex 2023.2.22)  14 MAY 2023 17:45
entering extended mode
 restricted \write18 enabled.
 file:line:error style messages enabled.
 %&-line parsing enabled.
**"d:/Physics EE/EE"
(d:/Physics EE/EE.tex
LaTeX2e <2022-11-01> patch level 1
L3 programming layer <2023-02-07> (e:/texlive/2022/texmf-dist/tex/latex/base/article.cls
Document Class: article 2022/07/02 v1.4n Standard LaTeX document class
(e:/texlive/2022/texmf-dist/tex/latex/base/size12.clo
File: size12.clo 2022/07/02 v1.4n Standard LaTeX file (size option)
)
\c@part=\count185
\c@section=\count186
\c@subsection=\count187
\c@subsubsection=\count188
\c@paragraph=\count189
\c@subparagraph=\count190
\c@figure=\count191
\c@table=\count192
\abovecaptionskip=\skip48
\belowcaptionskip=\skip49
\bibindent=\dimen140
) (e:/texlive/2022/texmf-dist/tex/latex/graphics/graphicx.sty
Package: graphicx 2021/09/16 v1.2d Enhanced LaTeX Graphics (DPC,SPQR)
 (e:/texlive/2022/texmf-dist/tex/latex/graphics/keyval.sty
Package: keyval 2022/05/29 v1.15 key=value parser (DPC)
\KV@toks@=\toks16
) (e:/texlive/2022/texmf-dist/tex/latex/graphics/graphics.sty
Package: graphics 2022/03/10 v1.4e Standard LaTeX Graphics (DPC,SPQR)
 (e:/texlive/2022/texmf-dist/tex/latex/graphics/trig.sty
Package: trig 2021/08/11 v1.11 sin cos tan (DPC)
) (e:/texlive/2022/texmf-dist/tex/latex/graphics-cfg/graphics.cfg
File: graphics.cfg 2016/06/04 v1.11 sample graphics configuration
)
Package graphics Info: Driver file: pdftex.def on input line 107.
 (e:/texlive/2022/texmf-dist/tex/latex/graphics-def/pdftex.def
File: pdftex.def 2022/09/22 v1.2b Graphics/color driver for pdftex
))
\Gin@req@height=\dimen141
\Gin@req@width=\dimen142
) (e:/texlive/2022/texmf-dist/tex/latex/amsmath/amsmath.sty
Package: amsmath 2022/04/08 v2.17n AMS math features
\@mathmargin=\skip50

For additional information on amsmath, use the `?' option.
(e:/texlive/2022/texmf-dist/tex/latex/amsmath/amstext.sty
Package: amstext 2021/08/26 v2.01 AMS text
 (e:/texlive/2022/texmf-dist/tex/latex/amsmath/amsgen.sty
File: amsgen.sty 1999/11/30 v2.0 generic functions
\@emptytoks=\toks17
\ex@=\dimen143
)) (e:/texlive/2022/texmf-dist/tex/latex/amsmath/amsbsy.sty
Package: amsbsy 1999/11/29 v1.2d Bold Symbols
\pmbraise@=\dimen144
) (e:/texlive/2022/texmf-dist/tex/latex/amsmath/amsopn.sty
Package: amsopn 2022/04/08 v2.04 operator names
)
\inf@bad=\count193
LaTeX Info: Redefining \frac on input line 234.
\uproot@=\count194
\leftroot@=\count195
LaTeX Info: Redefining \overline on input line 399.
LaTeX Info: Redefining \colon on input line 410.
\classnum@=\count196
\DOTSCASE@=\count197
LaTeX Info: Redefining \ldots on input line 496.
LaTeX Info: Redefining \dots on input line 499.
LaTeX Info: Redefining \cdots on input line 620.
\Mathstrutbox@=\box51
\strutbox@=\box52
LaTeX Info: Redefining \big on input line 722.
LaTeX Info: Redefining \Big on input line 723.
LaTeX Info: Redefining \bigg on input line 724.
LaTeX Info: Redefining \Bigg on input line 725.
\big@size=\dimen145
LaTeX Font Info:    Redeclaring font encoding OML on input line 743.
LaTeX Font Info:    Redeclaring font encoding OMS on input line 744.
\macc@depth=\count198
LaTeX Info: Redefining \bmod on input line 905.
LaTeX Info: Redefining \pmod on input line 910.
LaTeX Info: Redefining \smash on input line 940.
LaTeX Info: Redefining \relbar on input line 970.
LaTeX Info: Redefining \Relbar on input line 971.
\c@MaxMatrixCols=\count199
\dotsspace@=\muskip16
\c@parentequation=\count266
\dspbrk@lvl=\count267
\tag@help=\toks18
\row@=\count268
\column@=\count269
\maxfields@=\count270
\andhelp@=\toks19
\eqnshift@=\dimen146
\alignsep@=\dimen147
\tagshift@=\dimen148
\tagwidth@=\dimen149
\totwidth@=\dimen150
\lineht@=\dimen151
\@envbody=\toks20
\multlinegap=\skip51
\multlinetaggap=\skip52
\mathdisplay@stack=\toks21
LaTeX Info: Redefining \[ on input line 2953.
LaTeX Info: Redefining \] on input line 2954.
) (e:/texlive/2022/texmf-dist/tex/latex/siunitx/siunitx.sty
Package: siunitx 2023-01-03 v3.2.0 A comprehensive (SI) units package
\l__siunitx_angle_tmp_dim=\dimen152
\l__siunitx_angle_marker_box=\box53
\l__siunitx_angle_unit_box=\box54
\l__siunitx_compound_count_int=\count271
 (e:/texlive/2022/texmf-dist/tex/latex/translations/translations.sty
Package: translations 2022/02/05 v1.12 internationalization of LaTeX2e packages (CN)
 (e:/texlive/2022/texmf-dist/tex/latex/etoolbox/etoolbox.sty
Package: etoolbox 2020/10/05 v2.5k e-TeX tools for LaTeX (JAW)
\etb@tempcnta=\count272
) (e:/texlive/2022/texmf-dist/tex/generic/pdftexcmds/pdftexcmds.sty
Package: pdftexcmds 2020-06-27 v0.33 Utility functions of pdfTeX for LuaTeX (HO)
 (e:/texlive/2022/texmf-dist/tex/generic/infwarerr/infwarerr.sty
Package: infwarerr 2019/12/03 v1.5 Providing info/warning/error messages (HO)
) (e:/texlive/2022/texmf-dist/tex/generic/iftex/iftex.sty
Package: iftex 2022/02/03 v1.0f TeX engine tests
) (e:/texlive/2022/texmf-dist/tex/generic/ltxcmds/ltxcmds.sty
Package: ltxcmds 2020-05-10 v1.25 LaTeX kernel commands for general use (HO)
)
Package pdftexcmds Info: \pdf@primitive is available.
Package pdftexcmds Info: \pdf@ifprimitive is available.
Package pdftexcmds Info: \pdfdraftmode found.
))
\l__siunitx_number_exponent_fixed_int=\count273
\l__siunitx_number_min_decimal_int=\count274
\l__siunitx_number_min_integer_int=\count275
\l__siunitx_number_round_precision_int=\count276
\l__siunitx_number_lower_threshold_int=\count277
\l__siunitx_number_upper_threshold_int=\count278
\l__siunitx_number_group_first_int=\count279
\l__siunitx_number_group_size_int=\count280
\l__siunitx_number_group_minimum_int=\count281
\l__siunitx_table_tmp_box=\box55
\l__siunitx_table_tmp_dim=\dimen153
\l__siunitx_table_column_width_dim=\dimen154
\l__siunitx_table_integer_box=\box56
\l__siunitx_table_decimal_box=\box57
\l__siunitx_table_uncert_box=\box58
\l__siunitx_table_before_box=\box59
\l__siunitx_table_after_box=\box60
\l__siunitx_table_before_dim=\dimen155
\l__siunitx_table_carry_dim=\dimen156
\l__siunitx_unit_tmp_int=\count282
\l__siunitx_unit_position_int=\count283
\l__siunitx_unit_total_int=\count284
 (e:/texlive/2022/texmf-dist/tex/latex/tools/array.sty
Package: array 2022/09/04 v2.5g Tabular extension package (FMi)
\col@sep=\dimen157
\ar@mcellbox=\box61
\extrarowheight=\dimen158
\NC@list=\toks22
\extratabsurround=\skip53
\backup@length=\skip54
\ar@cellbox=\box62
)) (e:/texlive/2022/texmf-dist/tex/generic/nth/nth.sty
Package: nth 2002/02/27
) (e:/texlive/2022/texmf-dist/tex/latex/caption/caption.sty
Package: caption 2022/03/01 v3.6b Customizing captions (AR)
 (e:/texlive/2022/texmf-dist/tex/latex/caption/caption3.sty
Package: caption3 2022/03/17 v2.3b caption3 kernel (AR)
\caption@tempdima=\dimen159
\captionmargin=\dimen160
\caption@leftmargin=\dimen161
\caption@rightmargin=\dimen162
\caption@width=\dimen163
\caption@indent=\dimen164
\caption@parindent=\dimen165
\caption@hangindent=\dimen166
Package caption Info: Standard document class detected.
)
\c@caption@flags=\count285
\c@continuedfloat=\count286
) (e:/texlive/2022/texmf-dist/tex/latex/parskip/parskip.sty
Package: parskip 2021-03-14 v2.0h non-zero parskip adjustments
 (e:/texlive/2022/texmf-dist/tex/latex/kvoptions/kvoptions.sty
Package: kvoptions 2022-06-15 v3.15 Key value format for package options (HO)
 (e:/texlive/2022/texmf-dist/tex/latex/kvsetkeys/kvsetkeys.sty
Package: kvsetkeys 2022-10-05 v1.19 Key value parser (HO)
))) (e:/texlive/2022/texmf-dist/tex/latex/placeins/placeins.sty
Package: placeins 2005/04/18  v 2.2
) (e:/texlive/2022/texmf-dist/tex/latex/hyperref/hyperref.sty
Package: hyperref 2023-02-07 v7.00v Hypertext links for LaTeX
 (e:/texlive/2022/texmf-dist/tex/generic/kvdefinekeys/kvdefinekeys.sty
Package: kvdefinekeys 2019-12-19 v1.6 Define keys (HO)
) (e:/texlive/2022/texmf-dist/tex/generic/pdfescape/pdfescape.sty
Package: pdfescape 2019/12/09 v1.15 Implements pdfTeX's escape features (HO)
) (e:/texlive/2022/texmf-dist/tex/latex/hycolor/hycolor.sty
Package: hycolor 2020-01-27 v1.10 Color options for hyperref/bookmark (HO)
) (e:/texlive/2022/texmf-dist/tex/latex/letltxmacro/letltxmacro.sty
Package: letltxmacro 2019/12/03 v1.6 Let assignment for LaTeX macros (HO)
) (e:/texlive/2022/texmf-dist/tex/latex/auxhook/auxhook.sty
Package: auxhook 2019-12-17 v1.6 Hooks for auxiliary files (HO)
) (e:/texlive/2022/texmf-dist/tex/latex/hyperref/nameref.sty
Package: nameref 2022-05-17 v2.50 Cross-referencing by name of section
 (e:/texlive/2022/texmf-dist/tex/latex/refcount/refcount.sty
Package: refcount 2019/12/15 v3.6 Data extraction from label references (HO)
) (e:/texlive/2022/texmf-dist/tex/generic/gettitlestring/gettitlestring.sty
Package: gettitlestring 2019/12/15 v1.6 Cleanup title references (HO)
)
\c@section@level=\count287
)
\@linkdim=\dimen167
\Hy@linkcounter=\count288
\Hy@pagecounter=\count289
 (e:/texlive/2022/texmf-dist/tex/latex/hyperref/pd1enc.def
File: pd1enc.def 2023-02-07 v7.00v Hyperref: PDFDocEncoding definition (HO)
Now handling font encoding PD1 ...
... no UTF-8 mapping file for font encoding PD1
) (e:/texlive/2022/texmf-dist/tex/generic/intcalc/intcalc.sty
Package: intcalc 2019/12/15 v1.3 Expandable calculations with integers (HO)
) (e:/texlive/2022/texmf-dist/tex/generic/etexcmds/etexcmds.sty
Package: etexcmds 2019/12/15 v1.7 Avoid name clashes with e-TeX commands (HO)
)
\Hy@SavedSpaceFactor=\count290
 (e:/texlive/2022/texmf-dist/tex/latex/hyperref/puenc.def
File: puenc.def 2023-02-07 v7.00v Hyperref: PDF Unicode definition (HO)
Now handling font encoding PU ...
... no UTF-8 mapping file for font encoding PU
)
Package hyperref Info: Hyper figures OFF on input line 4177.
Package hyperref Info: Link nesting OFF on input line 4182.
Package hyperref Info: Hyper index ON on input line 4185.
Package hyperref Info: Plain pages OFF on input line 4192.
Package hyperref Info: Backreferencing OFF on input line 4197.
Package hyperref Info: Implicit mode ON; LaTeX internals redefined.
Package hyperref Info: Bookmarks ON on input line 4425.
\c@Hy@tempcnt=\count291
 (e:/texlive/2022/texmf-dist/tex/latex/url/url.sty
\Urlmuskip=\muskip17
Package: url 2013/09/16  ver 3.4  Verb mode for urls, etc.
)
LaTeX Info: Redefining \url on input line 4763.
\XeTeXLinkMargin=\dimen168
 (e:/texlive/2022/texmf-dist/tex/generic/bitset/bitset.sty
Package: bitset 2019/12/09 v1.3 Handle bit-vector datatype (HO)
 (e:/texlive/2022/texmf-dist/tex/generic/bigintcalc/bigintcalc.sty
Package: bigintcalc 2019/12/15 v1.5 Expandable calculations on big integers (HO)
))
\Fld@menulength=\count292
\Field@Width=\dimen169
\Fld@charsize=\dimen170
Package hyperref Info: Hyper figures OFF on input line 6042.
Package hyperref Info: Link nesting OFF on input line 6047.
Package hyperref Info: Hyper index ON on input line 6050.
Package hyperref Info: backreferencing OFF on input line 6057.
Package hyperref Info: Link coloring OFF on input line 6062.
Package hyperref Info: Link coloring with OCG OFF on input line 6067.
Package hyperref Info: PDF/A mode OFF on input line 6072.
 (e:/texlive/2022/texmf-dist/tex/latex/base/atbegshi-ltx.sty
Package: atbegshi-ltx 2021/01/10 v1.0c Emulation of the original atbegshi
package with kernel methods
)
\Hy@abspage=\count293
\c@Item=\count294
\c@Hfootnote=\count295
)
Package hyperref Info: Driver (autodetected): hpdftex.
 (e:/texlive/2022/texmf-dist/tex/latex/hyperref/hpdftex.def
File: hpdftex.def 2023-02-07 v7.00v Hyperref driver for pdfTeX
 (e:/texlive/2022/texmf-dist/tex/latex/base/atveryend-ltx.sty
Package: atveryend-ltx 2020/08/19 v1.0a Emulation of the original atveryend package
with kernel methods
)
\Fld@listcount=\count296
\c@bookmark@seq@number=\count297
 (e:/texlive/2022/texmf-dist/tex/latex/rerunfilecheck/rerunfilecheck.sty
Package: rerunfilecheck 2022-07-10 v1.10 Rerun checks for auxiliary files (HO)
 (e:/texlive/2022/texmf-dist/tex/generic/uniquecounter/uniquecounter.sty
Package: uniquecounter 2019/12/15 v1.4 Provide unlimited unique counter (HO)
)
Package uniquecounter Info: New unique counter `rerunfilecheck' on input line 285.
)
\Hy@SectionHShift=\skip55
) (e:/texlive/2022/texmf-dist/tex/latex/setspace/setspace.sty
Package: setspace 2022/12/04 v6.7b set line spacing
)
Package translations Info: No language package found. I am going to use `english' as default language. on input line 21.
 (e:/texlive/2022/texmf-dist/tex/latex/l3backend/l3backend-pdftex.def
File: l3backend-pdftex.def 2023-01-16 L3 backend support: PDF output (pdfTeX)
\l__color_backend_stack_int=\count298
\l__pdf_internal_box=\box63
) (./EE.aux)
\openout1 = `EE.aux'.

LaTeX Font Info:    Checking defaults for OML/cmm/m/it on input line 21.
LaTeX Font Info:    ... okay on input line 21.
LaTeX Font Info:    Checking defaults for OMS/cmsy/m/n on input line 21.
LaTeX Font Info:    ... okay on input line 21.
LaTeX Font Info:    Checking defaults for OT1/cmr/m/n on input line 21.
LaTeX Font Info:    ... okay on input line 21.
LaTeX Font Info:    Checking defaults for T1/cmr/m/n on input line 21.
LaTeX Font Info:    ... okay on input line 21.
LaTeX Font Info:    Checking defaults for TS1/cmr/m/n on input line 21.
LaTeX Font Info:    ... okay on input line 21.
LaTeX Font Info:    Checking defaults for OMX/cmex/m/n on input line 21.
LaTeX Font Info:    ... okay on input line 21.
LaTeX Font Info:    Checking defaults for U/cmr/m/n on input line 21.
LaTeX Font Info:    ... okay on input line 21.
LaTeX Font Info:    Checking defaults for PD1/pdf/m/n on input line 21.
LaTeX Font Info:    ... okay on input line 21.
LaTeX Font Info:    Checking defaults for PU/pdf/m/n on input line 21.
LaTeX Font Info:    ... okay on input line 21.
 (e:/texlive/2022/texmf-dist/tex/context/base/mkii/supp-pdf.mkii
[Loading MPS to PDF converter (version 2006.09.02).]
\scratchcounter=\count299
\scratchdimen=\dimen171
\scratchbox=\box64
\nofMPsegments=\count300
\nofMParguments=\count301
\everyMPshowfont=\toks23
\MPscratchCnt=\count302
\MPscratchDim=\dimen172
\MPnumerator=\count303
\makeMPintoPDFobject=\count304
\everyMPtoPDFconversion=\toks24
) (e:/texlive/2022/texmf-dist/tex/latex/epstopdf-pkg/epstopdf-base.sty
Package: epstopdf-base 2020-01-24 v2.11 Base part for package epstopdf
Package epstopdf-base Info: Redefining graphics rule for `.eps' on input line 485.
 (e:/texlive/2022/texmf-dist/tex/latex/latexconfig/epstopdf-sys.cfg
File: epstopdf-sys.cfg 2010/07/13 v1.3 Configuration of (r)epstopdf for TeX Live
)) (e:/texlive/2022/texmf-dist/tex/latex/graphics/color.sty
Package: color 2022/01/06 v1.3d Standard LaTeX Color (DPC)
 (e:/texlive/2022/texmf-dist/tex/latex/graphics-cfg/color.cfg
File: color.cfg 2016/01/02 v1.6 sample color configuration
)
Package color Info: Driver file: pdftex.def on input line 149.
 (e:/texlive/2022/texmf-dist/tex/latex/graphics/mathcolor.ltx)) (e:/texlive/2022/texmf-dist/tex/latex/translations/translations-basic-dictionary-english.trsl
File: translations-basic-dictionary-english.trsl (english translation file `translations-basic-dictionary')
)
Package translations Info: loading dictionary `translations-basic-dictionary' for `english'. on input line 21.
Package caption Info: Begin \AtBeginDocument code.
Package caption Info: hyperref package is loaded.
Package caption Info: End \AtBeginDocument code.
Package hyperref Info: Link coloring OFF on input line 21.
 (./EE.out) (./EE.out)
\@outlinefile=\write3
\openout3 = `EE.out'.

 [1

{e:/texlive/2022/texmf-var/fonts/map/pdftex/updmap/pdftex.map}] (./EE.toc)
\tf@toc=\write4
\openout4 = `EE.toc'.

 [2] (./personal.tex) [3] (./basic model.tex
<./ee/fig1.png, id=72, 1019.007pt x 181.8795pt>
File: ./ee/fig1.png Graphic file (type png)
<use ./ee/fig1.png>
Package pdftex.def Info: ./ee/fig1.png  used on input line 3.
(pdftex.def)             Requested size: 390.0pt x 69.60892pt.
) (./produce sound.tex
<./ee/fig2.png, id=74, 1049.1195pt x 130.68825pt>
File: ./ee/fig2.png Graphic file (type png)
<use ./ee/fig2.png>
Package pdftex.def Info: ./ee/fig2.png  used on input line 4.
(pdftex.def)             Requested size: 390.0pt x 48.5812pt.
 [4 <./ee/fig1.png>] [5 <./ee/fig2.png>]) (./frets work.tex
<./ee/fig3.png, id=100, 1009.97325pt x 185.493pt>
File: ./ee/fig3.png Graphic file (type png)
<use ./ee/fig3.png>
Package pdftex.def Info: ./ee/fig3.png  used on input line 5.
(pdftex.def)             Requested size: 390.0pt x 71.62589pt.
 [6 <./ee/fig3.png>]) (./intonation cause.tex [7] [8]) (./tension.tex [9] [10]) (./final exp.tex [11]) (./experiment.tex [12]) (./const.tex [13]
<./ee/fig4.png, id=203, 943.1235pt x 422.7795pt>
File: ./ee/fig4.png Graphic file (type png)
<use ./ee/fig4.png>
Package pdftex.def Info: ./ee/fig4.png  used on input line 9.
(pdftex.def)             Requested size: 390.0pt x 174.8309pt.
 [14] [15 <./ee/fig4.png>]) (./appa.tex) (./process.tex [16] [17]) (./pics.tex
<ee/experiment_setup.jpg, id=239, 3790.16pt x 1194.4625pt>
File: ee/experiment_setup.jpg Graphic file (type jpg)
<use ee/experiment_setup.jpg>
Package pdftex.def Info: ee/experiment_setup.jpg  used on input line 3.
(pdftex.def)             Requested size: 390.0pt x 122.89795pt.
<ee/capo_on_fret.jpg, id=240, 1879.02pt x 4175.6pt>
File: ee/capo_on_fret.jpg Graphic file (type jpg)
<use ee/capo_on_fret.jpg>
Package pdftex.def Info: ee/capo_on_fret.jpg  used on input line 7.
(pdftex.def)             Requested size: 1879.01544pt x 4175.58987pt.
<./ee/freq.png, id=241, 1152.10425pt x 290.88675pt>
File: ./ee/freq.png Graphic file (type png)
<use ./ee/freq.png>
Package pdftex.def Info: ./ee/freq.png  used on input line 11.
(pdftex.def)             Requested size: 390.0pt x 98.4652pt.
 [18 <./ee/experiment_setup.jpg> <./ee/capo_on_fret.jpg>]) (./tbl raw.tex
<./ee/raw_table.png, id=248, 447.47176pt x 208.98074pt>
File: ./ee/raw_table.png Graphic file (type png)
<use ./ee/raw_table.png>
Package pdftex.def Info: ./ee/raw_table.png  used on input line 2.
(pdftex.def)             Requested size: 390.0pt x 182.14021pt.
) (./tbl processed.tex
<./ee/processed_table.png, id=249, 490.83376pt x 215.00325pt>
File: ./ee/processed_table.png Graphic file (type png)
<use ./ee/processed_table.png>
Package pdftex.def Info: ./ee/processed_table.png  used on input line 2.
(pdftex.def)             Requested size: 390.0pt x 170.83818pt.
 [19 <./ee/freq.png> <./ee/raw_table.png>]) (./sample calc.tex [20 <./ee/processed_table.png>]) (./graph.tex
<./ee/no_data_graph.png, id=271, 871.45575pt x 492.03825pt>
File: ./ee/no_data_graph.png Graphic file (type png)
<use ./ee/no_data_graph.png>
Package pdftex.def Info: ./ee/no_data_graph.png  used on input line 8.
(pdftex.def)             Requested size: 390.0pt x 220.19888pt.
 [21] [22 <./ee/no_data_graph.png>]
<./ee/breaking_angles.png, id=288, 813.79031pt x 151.3153pt>
File: ./ee/breaking_angles.png Graphic file (type png)
<use ./ee/breaking_angles.png>
Package pdftex.def Info: ./ee/breaking_angles.png  used on input line 15.
(pdftex.def)             Requested size: 390.0pt x 72.51506pt.
 [23 <./ee/breaking_angles.png>]
<./ee/graph_with_data.png, id=298, 1044.90375pt x 555.87675pt>
File: ./ee/graph_with_data.png Graphic file (type png)
<use ./ee/graph_with_data.png>
Package pdftex.def Info: ./ee/graph_with_data.png  used on input line 28.
(pdftex.def)             Requested size: 390.0pt x 207.47784pt.
)

LaTeX Warning: `!h' float specifier changed to `!ht'.

(./obs ana.tex [24] [25 <./ee/graph_with_data.png>]) (./conc eval.tex [26] [27]
<./ee/compare_graph_f.png, id=327, 1022.01825pt x 557.6835pt>
File: ./ee/compare_graph_f.png Graphic file (type png)
<use ./ee/compare_graph_f.png>
Package pdftex.def Info: ./ee/compare_graph_f.png  used on input line 7.
(pdftex.def)             Requested size: 390.0pt x 212.80692pt.
 [28 <./ee/compare_graph_f.png>]
<./ee/compare_graph_a.png, id=336, 1016.598pt x 552.26324pt>
File: ./ee/compare_graph_a.png Graphic file (type png)
<use ./ee/compare_graph_a.png>
Package pdftex.def Info: ./ee/compare_graph_a.png  used on input line 14.
(pdftex.def)             Requested size: 390.0pt x 211.85938pt.


LaTeX Warning: `!h' float specifier changed to `!ht'.

[29]) (./bib.tex [30 <./ee/compare_graph_a.png>] [31]) [32] (./EE.aux)

LaTeX Warning: Label(s) may have changed. Rerun to get cross-references right.

Package rerunfilecheck Info: File `EE.out' has not changed.
(rerunfilecheck)             Checksum: 1C15EDC436E675FA778AAE89FFB9234C;1436.
 ) 
Here is how much of TeX's memory you used:
 14629 strings out of 476029
 288991 string characters out of 5794164
 1865340 words of memory out of 5000000
 34737 multiletter control sequences out of 15000+600000
 519312 words of font info for 57 fonts, out of 8000000 for 9000
 1141 hyphenation exceptions out of 8191
 73i,12n,77p,1851b,1166s stack positions out of 10000i,1000n,20000p,200000b,200000s
{e:/texlive/2022/texmf-dist/fonts/enc/dvips/cm-super/cm-super-ts1.enc}<e:/texlive/2022/texmf-dist/fonts/type1/public/amsfonts/cm/cmbx12.pfb><e:/texlive/2022/texmf-dist/fonts/type1/public/amsfonts/cm/cmex10.pfb><e:/texlive/2022/texmf-dist/fonts/type1/public/amsfonts/cm/cmmi12.pfb><e:/texlive/2022/texmf-dist/fonts/type1/public/amsfonts/cm/cmmi6.pfb><e:/texlive/2022/texmf-dist/fonts/type1/public/amsfonts/cm/cmmi8.pfb><e:/texlive/2022/texmf-dist/fonts/type1/public/amsfonts/cm/cmr12.pfb><e:/texlive/2022/texmf-dist/fonts/type1/public/amsfonts/cm/cmr17.pfb><e:/texlive/2022/texmf-dist/fonts/type1/public/amsfonts/cm/cmr6.pfb><e:/texlive/2022/texmf-dist/fonts/type1/public/amsfonts/cm/cmr8.pfb><e:/texlive/2022/texmf-dist/fonts/type1/public/amsfonts/cm/cmsy10.pfb><e:/texlive/2022/texmf-dist/fonts/type1/public/amsfonts/cm/cmsy6.pfb><e:/texlive/2022/texmf-dist/fonts/type1/public/amsfonts/cm/cmsy8.pfb><e:/texlive/2022/texmf-dist/fonts/type1/public/amsfonts/cm/cmtt8.pfb><e:/texlive/2022/texmf-dist/fonts/type1/public/cm-super/sfrm1200.pfb>
Output written on EE.pdf (32 pages, 4473752 bytes).
PDF statistics:
 464 PDF objects out of 1000 (max. 8388607)
 372 compressed objects within 4 object streams
 122 named destinations out of 1000 (max. 500000)
 151 words of extra memory for PDF output out of 10000 (max. 10000000)

